Arguments: 
  /Users/donluigimx/.nvm/versions/node/v14.15.0/bin/node /Users/donluigimx/.nvm/versions/node/v14.15.0/bin/yarn add puppeter

PATH: 
  /Users/donluigimx/.rbenv/shims:/Users/donluigimx/.rbenv/bin:/Users/donluigimx/.nvm/versions/node/v14.15.0/bin:/Users/donluigimx/bin:/usr/local/bin:/Users/donluigimx/flutter/bin:/usr/local/bin:/usr/bin:/bin:/usr/sbin:/sbin:/Library/Apple/usr/bin

Yarn version: 
  1.22.10

Node version: 
  14.15.0

Platform: 
  darwin x64

Trace: 
  Error: https://registry.yarnpkg.com/puppeter: Not found
      at Request.params.callback [as _callback] (/Users/donluigimx/.nvm/versions/node/v14.15.0/lib/node_modules/yarn/lib/cli.js:66988:18)
      at Request.self.callback (/Users/donluigimx/.nvm/versions/node/v14.15.0/lib/node_modules/yarn/lib/cli.js:140662:22)
      at Request.emit (events.js:315:20)
      at Request.<anonymous> (/Users/donluigimx/.nvm/versions/node/v14.15.0/lib/node_modules/yarn/lib/cli.js:141634:10)
      at Request.emit (events.js:315:20)
      at IncomingMessage.<anonymous> (/Users/donluigimx/.nvm/versions/node/v14.15.0/lib/node_modules/yarn/lib/cli.js:141556:12)
      at Object.onceWrapper (events.js:421:28)
      at IncomingMessage.emit (events.js:327:22)
      at endReadableNT (_stream_readable.js:1327:12)
      at processTicksAndRejections (internal/process/task_queues.js:80:21)

npm manifest: 
  No manifest

yarn manifest: 
  No manifest

Lockfile: 
  No lockfile
